Removed Pin From Net: NetName=VDD_2 Pin=X4-1
Removed Pin From Net: NetName=GND_2 Pin=X4-2
Removed Pin From Net: NetName=SCL_2 Pin=X4-3
Removed Pin From Net: NetName=SDA_2 Pin=X4-4
Removed Pin From Net: NetName=CO Pin=X5-1
Removed Pin From Net: NetName=DO Pin=X5-2
Removed Member From Class: ClassName=BMS_INV Member=X4
Removed Member From Class: ClassName=BMS_INV Member=X5
Added Component: Designator=P1(61900611021)
Add component (AddParameter): Name = "ComponentLink1Description"; Value = "Manufacturer"; VariantName = "[No Variations]"
Add component (AddParameter): Name = "ComponentLink1URL"; Value = "http://www.we-online.de"; VariantName = "[No Variations]"
Add component (AddParameter): Name = "ComponentLink2Description"; Value = "Datasheet"; VariantName = "[No Variations]"
Add component (AddParameter): Name = "ComponentLink2URL"; Value = "https://www.we-online.com/catalog/datasheet/61900611021.pdf"; VariantName = "[No Variations]"
Add component (AddParameter): Name = "Contact Resistance"; Value = "20mOhm"; VariantName = "[No Variations]"
Add component (AddParameter): Name = "Gender"; Value = "Male"; VariantName = "[No Variations]"
Add component (AddParameter): Name = "Mounting Technology"; Value = "THT"; VariantName = "[No Variations]"
Add component (AddParameter): Name = "Operating Temperature"; Value = "-40 to +105degC"; VariantName = "[No Variations]"
Add component (AddParameter): Name = "Packaging"; Value = "Bag"; VariantName = "[No Variations]"
Add component (AddParameter): Name = "Part Number"; Value = "61900611021"; VariantName = "[No Variations]"
Add component (AddParameter): Name = "Pin Number"; Value = "6"; VariantName = "[No Variations]"
Add component (AddParameter): Name = "Pitch"; Value = "2.54mm"; VariantName = "[No Variations]"
Add component (AddParameter): Name = "Published Date"; Value = "January 2020"; VariantName = "[No Variations]"
Add component (AddParameter): Name = "Publisher"; Value = "Wurth Elektronik"; VariantName = "[No Variations]"
Add component (AddParameter): Name = "Rated Current"; Value = "3A"; VariantName = "[No Variations]"
Add component (AddParameter): Name = "Type"; Value = "Right Angled Bottom Locking"; VariantName = "[No Variations]"
Add component (AddParameter): Name = "Withstanding Voltage"; Value = "1000VAC"; VariantName = "[No Variations]"
Add component (AddParameter): Name = "Working Voltage"; Value = "250VAC"; VariantName = "[No Variations]"
Added Pin To Net: NetName=DO Pin=P1-1
Added Pin To Net: NetName=CO Pin=P1-2
Added Pin To Net: NetName=SDA_2 Pin=P1-3
Added Pin To Net: NetName=SCL_2 Pin=P1-4
Added Pin To Net: NetName=GND_2 Pin=P1-5
Added Pin To Net: NetName=VDD_2 Pin=P1-6
Added Member To Class: ClassName=BMS_INV Member=Component DA2 PC817
Added Member To Class: ClassName=BMS_INV Member=Component P1 61900611021
Added Room: Name=BMS_INV
