Removed Pin From Net: NetName=VDD_2 Pin=X3-1
Removed Pin From Net: NetName=GND_2 Pin=X3-2
Removed Pin From Net: NetName=SCL_2 Pin=X3-3
Removed Pin From Net: NetName=SDA_2 Pin=X3-4
Removed Member From Class: ClassName=BMS_INV Member=X3
Change Component Designator: OldDesignator=P? NewDesignator=P2
Added Component: Designator=P1(61900611121)
Add component (AddParameter): Name = "ComponentLink1Description"; Value = "Manufacturer"; VariantName = "[No Variations]"
Add component (AddParameter): Name = "ComponentLink1URL"; Value = "http://www.we-online.de"; VariantName = "[No Variations]"
Add component (AddParameter): Name = "ComponentLink2Description"; Value = "Datasheet"; VariantName = "[No Variations]"
Add component (AddParameter): Name = "ComponentLink2URL"; Value = "https://www.we-online.com/catalog/datasheet/61900611121.pdf"; VariantName = "[No Variations]"
Add component (AddParameter): Name = "Contact Resistance"; Value = "20mOhm"; VariantName = "[No Variations]"
Add component (AddParameter): Name = "Gender"; Value = "Male"; VariantName = "[No Variations]"
Add component (AddParameter): Name = "Mounting Technology"; Value = "THT"; VariantName = "[No Variations]"
Add component (AddParameter): Name = "Operating Temperature"; Value = "-40 to +105degC"; VariantName = "[No Variations]"
Add component (AddParameter): Name = "Packaging"; Value = "Bag"; VariantName = "[No Variations]"
Add component (AddParameter): Name = "Part Number"; Value = "61900611121"; VariantName = "[No Variations]"
Add component (AddParameter): Name = "Pin Number"; Value = "6"; VariantName = "[No Variations]"
Add component (AddParameter): Name = "Pitch"; Value = "2.54mm"; VariantName = "[No Variations]"
Add component (AddParameter): Name = "Published Date"; Value = "January 2020"; VariantName = "[No Variations]"
Add component (AddParameter): Name = "Publisher"; Value = "Wurth Elektronik"; VariantName = "[No Variations]"
Add component (AddParameter): Name = "Rated Current"; Value = "3A"; VariantName = "[No Variations]"
Add component (AddParameter): Name = "Type"; Value = "Vertical"; VariantName = "[No Variations]"
Add component (AddParameter): Name = "Withstanding Voltage"; Value = "1000VAC"; VariantName = "[No Variations]"
Add component (AddParameter): Name = "Working Voltage"; Value = "250VAC"; VariantName = "[No Variations]"
Added Pin To Net: NetName=GND_2 Pin=P1-2
Added Pin To Net: NetName=CO Pin=P1-5
Added Pin To Net: NetName=DO Pin=P1-6
Added Pin To Net: NetName=SCL_3 Pin=P1-3
Added Net: Name=SCL_3
Added Pin To Net: NetName=SDA_3 Pin=P1-4
Added Net: Name=SDA_3
Added Pin To Net: NetName=VDD_3 Pin=P1-1
Added Net: Name=VDD_3
Added Member To Class: ClassName=BMS_INV Member=Component P1 61900611121
